<?xml version="1.0" encoding="UTF-8"?>
<!-- Generated by org.testng.reporters.JUnitXMLReporter -->
<testsuite ignored="0" hostname="DESKTOP-JSSOROQ" failures="0" tests="2" name="Test" time="0.22" errors="0" timestamp="2021-12-21T22:58:27 IST">
  <testcase classname="com.tests.BaseTest" name="@BeforeClass beforeClass" time="0.067">
    <failure type="java.lang.NullPointerException">
      <![CDATA[java.lang.NullPointerException
at java.base/java.io.Reader.<init>(Reader.java:167)
at java.base/java.io.InputStreamReader.<init>(InputStreamReader.java:72)
at org.json.JSONTokener.<init>(JSONTokener.java:84)
at com.tests.BaseTest.beforeClass(BaseTest.java:41)
at java.base/java.util.ArrayList.forEach(ArrayList.java:1541)
at org.apache.maven.plugin.surefire.InPluginVMSurefireStarter.runSuitesInProcess(InPluginVMSurefireStarter.java:87)
at org.apache.maven.plugin.surefire.AbstractSurefireMojo.executeProvider(AbstractSurefireMojo.java:1295)
at org.apache.maven.plugin.surefire.AbstractSurefireMojo.executeAfterPreconditionsChecked(AbstractSurefireMojo.java:1159)
at org.apache.maven.plugin.surefire.AbstractSurefireMojo.execute(AbstractSurefireMojo.java:932)
at org.apache.maven.plugin.DefaultBuildPluginManager.executeMojo(DefaultBuildPluginManager.java:137)
at org.apache.maven.lifecycle.internal.MojoExecutor.execute(MojoExecutor.java:210)
at org.apache.maven.lifecycle.internal.MojoExecutor.execute(MojoExecutor.java:156)
at org.apache.maven.lifecycle.internal.MojoExecutor.execute(MojoExecutor.java:148)
at org.apache.maven.lifecycle.internal.LifecycleModuleBuilder.buildProject(LifecycleModuleBuilder.java:117)
at org.apache.maven.lifecycle.internal.LifecycleModuleBuilder.buildProject(LifecycleModuleBuilder.java:81)
at org.apache.maven.lifecycle.internal.builder.singlethreaded.SingleThreadedBuilder.build(SingleThreadedBuilder.java:56)
at org.apache.maven.lifecycle.internal.LifecycleStarter.execute(LifecycleStarter.java:128)
at org.apache.maven.DefaultMaven.doExecute(DefaultMaven.java:305)
at org.apache.maven.DefaultMaven.doExecute(DefaultMaven.java:192)
at org.apache.maven.DefaultMaven.execute(DefaultMaven.java:105)
at org.apache.maven.cli.MavenCli.execute(MavenCli.java:957)
at org.apache.maven.cli.MavenCli.doMain(MavenCli.java:289)
at org.apache.maven.cli.MavenCli.main(MavenCli.java:193)
at org.codehaus.plexus.classworlds.launcher.Launcher.launchEnhanced(Launcher.java:282)
at org.codehaus.plexus.classworlds.launcher.Launcher.launch(Launcher.java:225)
at org.codehaus.plexus.classworlds.launcher.Launcher.mainWithExitCode(Launcher.java:406)
at org.codehaus.plexus.classworlds.launcher.Launcher.main(Launcher.java:347)
at org.codehaus.classworlds.Launcher.main(Launcher.java:47)
... Removed 36 stack frames]]>
    </failure>
  </testcase> <!-- @BeforeClass beforeClass -->
  <testcase classname="com.tests.BaseTest" name="@BeforeMethod beforeMethod" time="-1.640107707318E9">
    <skipped/>
  </testcase> <!-- @BeforeMethod beforeMethod -->
  <testcase classname="com.tests.BaseTest" name="@AfterMethod wrapUp" time="-1.640107707375E9">
    <skipped/>
  </testcase> <!-- @AfterMethod wrapUp -->
  <testcase classname="com.tests.BaseTest" name="@BeforeMethod beforeMethod" time="-1.640107707379E9">
    <skipped/>
  </testcase> <!-- @BeforeMethod beforeMethod -->
  <testcase classname="com.tests.BaseTest" name="@AfterMethod wrapUp" time="-1.640107707389E9">
    <skipped/>
  </testcase> <!-- @AfterMethod wrapUp -->
  <testcase classname="com.tests.LoginTest" name="invalidLogin" time="0.0">
    <skipped/>
  </testcase> <!-- invalidLogin -->
  <testcase classname="com.tests.LoginTest" name="validLogin" time="0.0">
    <skipped/>
  </testcase> <!-- validLogin -->
</testsuite> <!-- Test -->
