<?xml version="1.0" encoding="UTF-8"?>
<testng-results ignored="0" total="3" passed="3" failed="0" skipped="0">
  <reporter-output>
  </reporter-output>
  <suite started-at="2022-01-30T15:23:55 IST" name="Suite" finished-at="2022-01-30T15:25:04 IST" duration-ms="68523">
    <groups>
    </groups>
    <test started-at="2022-01-30T15:23:55 IST" name="Test_NativeApp-Pixel3a_Emulator" finished-at="2022-01-30T15:24:38 IST" duration-ms="43259">
      <class name="com.tests.LoginTest">
        <test-method is-config="true" signature="beforeClass()[pri:0, instance:com.tests.LoginTest@2cbc0224]" started-at="2022-01-30T15:23:55 IST" name="beforeClass" finished-at="2022-01-30T15:23:55 IST" duration-ms="7" status="PASS">
          <reporter-output>
          </reporter-output>
        </test-method> <!-- beforeClass -->
        <test-method is-config="true" signature="setUp(java.lang.String,java.lang.String,java.lang.String,java.lang.String,java.lang.String,java.lang.String,java.lang.String,java.lang.String)[pri:0, instance:com.tests.LoginTest@2cbc0224]" started-at="2022-01-30T15:23:56 IST" name="setUp" finished-at="2022-01-30T15:24:11 IST" duration-ms="15152" status="PASS">
          <params>
            <param index="0">
              <value>
                <![CDATA[android]]>
              </value>
            </param>
            <param index="1">
              <value>
                <![CDATA[emulator-5554]]>
              </value>
            </param>
            <param index="2">
              <value>
                <![CDATA[Pixel_3a_API_30]]>
              </value>
            </param>
            <param index="3">
              <value>
                <![CDATA[7878]]>
              </value>
            </param>
            <param index="4">
              <value>
                <![CDATA[androidOnly]]>
              </value>
            </param>
            <param index="5">
              <value>
                <![CDATA[yes]]>
              </value>
            </param>
            <param index="6">
              <value>
                <![CDATA[iOSOnly]]>
              </value>
            </param>
            <param index="7">
              <value>
                <![CDATA[iOSOnly]]>
              </value>
            </param>
          </params>
          <reporter-output>
          </reporter-output>
        </test-method> <!-- setUp -->
        <test-method is-config="true" signature="initialize()[pri:0, instance:com.tests.LoginTest@2cbc0224]" started-at="2022-01-30T15:24:11 IST" name="initialize" finished-at="2022-01-30T15:24:12 IST" duration-ms="546" status="PASS">
          <reporter-output>
          </reporter-output>
        </test-method> <!-- initialize -->
        <test-method signature="invalidLogin(com.automate.entity.TestData)[pri:0, instance:com.tests.LoginTest@2cbc0224]" started-at="2022-01-30T15:24:12 IST" name="invalidLogin" description="Incorrect Username and Password combination" data-provider="getData" finished-at="2022-01-30T15:24:18 IST" duration-ms="6380" status="PASS">
          <params>
            <param index="0">
              <value>
                <![CDATA[com.automate.entity.TestData@5e6d2502]]>
              </value>
            </param>
          </params>
          <reporter-output>
          </reporter-output>
        </test-method> <!-- invalidLogin -->
        <test-method is-config="true" signature="tearDown(org.testng.ITestResult)[pri:0, instance:com.tests.LoginTest@2cbc0224]" started-at="2022-01-30T15:24:18 IST" name="tearDown" finished-at="2022-01-30T15:24:20 IST" duration-ms="1590" status="PASS">
          <params>
            <param index="0">
              <value>
                <![CDATA[[TestResult name=invalidLogin status=SUCCESS method=LoginTest.invalidLogin(com.automate.entity.TestData)[pri:0, instance:com.tests.LoginTest@2cbc0224] output={null}]]]>
              </value>
            </param>
          </params>
          <reporter-output>
          </reporter-output>
        </test-method> <!-- tearDown -->
        <test-method is-config="true" signature="setUp(java.lang.String,java.lang.String,java.lang.String,java.lang.String,java.lang.String,java.lang.String,java.lang.String,java.lang.String)[pri:0, instance:com.tests.LoginTest@2cbc0224]" started-at="2022-01-30T15:24:20 IST" name="setUp" finished-at="2022-01-30T15:24:29 IST" duration-ms="9787" status="PASS">
          <params>
            <param index="0">
              <value>
                <![CDATA[android]]>
              </value>
            </param>
            <param index="1">
              <value>
                <![CDATA[emulator-5554]]>
              </value>
            </param>
            <param index="2">
              <value>
                <![CDATA[Pixel_3a_API_30]]>
              </value>
            </param>
            <param index="3">
              <value>
                <![CDATA[7878]]>
              </value>
            </param>
            <param index="4">
              <value>
                <![CDATA[androidOnly]]>
              </value>
            </param>
            <param index="5">
              <value>
                <![CDATA[yes]]>
              </value>
            </param>
            <param index="6">
              <value>
                <![CDATA[iOSOnly]]>
              </value>
            </param>
            <param index="7">
              <value>
                <![CDATA[iOSOnly]]>
              </value>
            </param>
          </params>
          <reporter-output>
          </reporter-output>
        </test-method> <!-- setUp -->
        <test-method is-config="true" signature="initialize()[pri:0, instance:com.tests.LoginTest@2cbc0224]" started-at="2022-01-30T15:24:29 IST" name="initialize" finished-at="2022-01-30T15:24:29 IST" duration-ms="8" status="PASS">
          <reporter-output>
          </reporter-output>
        </test-method> <!-- initialize -->
        <test-method signature="validLogin(com.automate.entity.TestData)[pri:0, instance:com.tests.LoginTest@2cbc0224]" started-at="2022-01-30T15:24:29 IST" name="validLogin" description="Correct Username and Password combination" data-provider="getData" finished-at="2022-01-30T15:24:37 IST" duration-ms="7884" status="PASS">
          <params>
            <param index="0">
              <value>
                <![CDATA[com.automate.entity.TestData@19e86461]]>
              </value>
            </param>
          </params>
          <reporter-output>
          </reporter-output>
        </test-method> <!-- validLogin -->
        <test-method is-config="true" signature="tearDown(org.testng.ITestResult)[pri:0, instance:com.tests.LoginTest@2cbc0224]" started-at="2022-01-30T15:24:37 IST" name="tearDown" finished-at="2022-01-30T15:24:38 IST" duration-ms="978" status="PASS">
          <params>
            <param index="0">
              <value>
                <![CDATA[[TestResult name=validLogin status=SUCCESS method=LoginTest.validLogin(com.automate.entity.TestData)[pri:0, instance:com.tests.LoginTest@2cbc0224] output={null}]]]>
              </value>
            </param>
          </params>
          <reporter-output>
          </reporter-output>
        </test-method> <!-- tearDown -->
      </class> <!-- com.tests.LoginTest -->
    </test> <!-- Test_NativeApp-Pixel3a_Emulator -->
    <test started-at="2022-01-30T15:24:38 IST" name="Test_WebBrowser-Pixel3a_Emulator" finished-at="2022-01-30T15:25:04 IST" duration-ms="25239">
      <class name="com.tests.GoogleTest">
        <test-method is-config="true" signature="beforeSuite()[pri:0, instance:com.tests.GoogleTest@236e6563]" started-at="2022-01-30T15:23:51 IST" name="beforeSuite" finished-at="2022-01-30T15:23:55 IST" duration-ms="3928" status="PASS">
          <reporter-output>
          </reporter-output>
        </test-method> <!-- beforeSuite -->
        <test-method is-config="true" signature="beforeClass()[pri:0, instance:com.tests.GoogleTest@236e6563]" started-at="2022-01-30T15:24:38 IST" name="beforeClass" finished-at="2022-01-30T15:24:38 IST" duration-ms="1" status="PASS">
          <reporter-output>
          </reporter-output>
        </test-method> <!-- beforeClass -->
        <test-method is-config="true" signature="setUp(java.lang.String,java.lang.String,java.lang.String,java.lang.String,java.lang.String,java.lang.String,java.lang.String,java.lang.String)[pri:0, instance:com.tests.GoogleTest@236e6563]" started-at="2022-01-30T15:24:38 IST" name="setUp" finished-at="2022-01-30T15:24:53 IST" duration-ms="14799" status="PASS">
          <params>
            <param index="0">
              <value>
                <![CDATA[android_web]]>
              </value>
            </param>
            <param index="1">
              <value>
                <![CDATA[emulator-5554]]>
              </value>
            </param>
            <param index="2">
              <value>
                <![CDATA[Pixel_3a_API_30]]>
              </value>
            </param>
            <param index="3">
              <value>
                <![CDATA[7878]]>
              </value>
            </param>
            <param index="4">
              <value>
                <![CDATA[8787]]>
              </value>
            </param>
            <param index="5">
              <value>
                <![CDATA[yes]]>
              </value>
            </param>
            <param index="6">
              <value>
                <![CDATA[iOSOnly]]>
              </value>
            </param>
            <param index="7">
              <value>
                <![CDATA[iOSOnly]]>
              </value>
            </param>
          </params>
          <reporter-output>
          </reporter-output>
        </test-method> <!-- setUp -->
        <test-method signature="googleSearch(com.automate.entity.TestData)[pri:0, instance:com.tests.GoogleTest@236e6563]" started-at="2022-01-30T15:24:53 IST" name="googleSearch" description="Google search" data-provider="getData" finished-at="2022-01-30T15:25:02 IST" duration-ms="9135" status="PASS">
          <params>
            <param index="0">
              <value>
                <![CDATA[com.automate.entity.TestData@447f9a09]]>
              </value>
            </param>
          </params>
          <reporter-output>
          </reporter-output>
        </test-method> <!-- googleSearch -->
        <test-method is-config="true" signature="tearDown(org.testng.ITestResult)[pri:0, instance:com.tests.GoogleTest@236e6563]" started-at="2022-01-30T15:25:02 IST" name="tearDown" finished-at="2022-01-30T15:25:04 IST" duration-ms="1300" status="PASS">
          <params>
            <param index="0">
              <value>
                <![CDATA[[TestResult name=googleSearch status=SUCCESS method=GoogleTest.googleSearch(com.automate.entity.TestData)[pri:0, instance:com.tests.GoogleTest@236e6563] output={null}]]]>
              </value>
            </param>
          </params>
          <reporter-output>
          </reporter-output>
        </test-method> <!-- tearDown -->
        <test-method is-config="true" signature="afterSuite()[pri:0, instance:com.tests.GoogleTest@236e6563]" started-at="2022-01-30T15:25:04 IST" name="afterSuite" finished-at="2022-01-30T15:25:04 IST" duration-ms="919" status="PASS">
          <reporter-output>
          </reporter-output>
        </test-method> <!-- afterSuite -->
      </class> <!-- com.tests.GoogleTest -->
    </test> <!-- Test_WebBrowser-Pixel3a_Emulator -->
  </suite> <!-- Suite -->
</testng-results>
